  Array.cpp
C:\Users\kwon\Desktop\Coding_EX\array\Array\Array\Array.cpp(10,8): error C2131:  expression did not evaluate to a constant
C:\Users\kwon\Desktop\Coding_EX\array\Array\Array\Array.cpp(10,8): message :  failure was caused by a read of a variable outside its lifetime
C:\Users\kwon\Desktop\Coding_EX\array\Array\Array\Array.cpp(10,8): message :  see usage of 'n'
C:\Users\kwon\Desktop\Coding_EX\array\Array\Array\Array.cpp(11,12): warning C4244:  'argument': conversion from 'time_t' to 'unsigned int', possible loss of data
C:\Users\kwon\Desktop\Coding_EX\array\Array\Array\Array.cpp(13,22): error C3863:  array type 'int [n]' is not assignable
C:\Users\kwon\Desktop\Coding_EX\array\Array\Array\Array.cpp(15,16): warning C4552:  '<<': result of expression not used
